"../../../gd1summer3/Content/Maps/AmyMap_BuiltData.uasset" 0
"../../../gd1summer3/Content/Maps/Fan_map_BuiltData.uasset" 1
"../../../gd1summer3/Content/Maps/Gabelevel2_BuiltData.uasset" 2
"../../../gd1summer3/Content/Maps/gabe_level_BuiltData.uasset" 3
"../../../gd1summer3/Content/Maps/Gabe_map_BuiltData.uasset" 4
"../../../gd1summer3/Content/Maps/main_level_BuiltData.uasset" 5
"../../../gd1summer3/Content/Maps/Noah_level2_BuiltData.uasset" 6
"../../../gd1summer3/Content/Maps/Noah_map.uasset" 7
"../../../gd1summer3/Content/Maps/Noah_map_BuiltData.uasset" 8
"../../../gd1summer3/Content/Maps/practice.uasset" 9
"../../../gd1summer3/Content/Bitter-Bold.uasset" 10
"../../../gd1summer3/Content/Bitter-Bold_Font.uasset" 11
"../../../gd1summer3/Content/Bitter-Regular.uasset" 12
"../../../gd1summer3/Content/Bitter-Regular_Font.uasset" 13
"../../../gd1summer3/Content/DetectiveGuyFixed_Skeleton.uasset" 14
"../../../gd1summer3/Content/IdleAnimation.uasset" 15
"../../../gd1summer3/Content/IdleAnimation2.uasset" 16
"../../../gd1summer3/Content/deploy_Anim.uasset" 17
"../../../gd1summer3/Content/FallingAnimation.uasset" 18
"../../../gd1summer3/Content/UmbrellaIdle2.uasset" 19
"../../../gd1summer3/Content/IdleAnimation5.uasset" 20
"../../../gd1summer3/Content/WalkCycle.uasset" 21
"../../../gd1summer3/Content/NewBlendSpace1D.uasset" 22
"../../../Engine/Content/EditorBlueprintResources/StandardMacros.uasset" 23
"../../../gd1summer3/Content/Mannequin/Character/Mesh/detectiveAnimBP.uasset" 24
"../../../gd1summer3/Content/levelSpawn_Blueprint.uasset" 25
"../../../gd1summer3/Content/DetectiveGuyForRealsies_lambert1_BaseColor.uasset" 26
"../../../gd1summer3/Content/DetectiveGuyForRealsies_lambert1_Normal.uasset" 27
"../../../gd1summer3/Content/DetectiveGuyForRealsies_lambert1_OcclusionRoughnessMetallic.uasset" 28
"../../../gd1summer3/Content/materials/detectiveMat.uasset" 29
"../../../gd1summer3/Content/Maps/lambert1.uasset" 30
"../../../gd1summer3/Content/DetectiveGuyUVFix_PhysicsAsset.uasset" 31
"../../../gd1summer3/Content/DetectiveGuyUVFix.uasset" 32
"../../../gd1summer3/Content/ThirdPersonBP/Blueprints/ThirdPersonCharacter.uasset" 33
"../../../gd1summer3/Content/Umbrella.uasset" 34
"../../../gd1summer3/Content/Umbrella_Blueprint.uasset" 35
"../../../gd1summer3/Content/Umbrella_lambert1_BaseColor.uasset" 36
"../../../gd1summer3/Content/Umbrella_lambert1_Normal.uasset" 37
"../../../gd1summer3/Content/Umbrella_lambert1_OcclusionRoughnessMetallic.uasset" 38
"../../../gd1summer3/Content/materials/maps/chandelier_lambert1_BaseColor.uasset" 39
"../../../gd1summer3/Content/materials/maps/chandelier_lambert1_Metallic.uasset" 40
"../../../gd1summer3/Content/materials/chandelier.uasset" 41
"../../../gd1summer3/Content/materials/wall_light.uasset" 42
"../../../gd1summer3/Content/Geometry/Meshes/CubeMaterial.uasset" 43
"../../../gd1summer3/Content/meshes/lambert1.uasset" 44
"../../../gd1summer3/Content/meshes/wall_light.uasset" 45
"../../../gd1summer3/Content/wall_light_Blueprint.uasset" 46
"../../../gd1summer3/Content/Blueprints/HighScoreManager.uasset" 47
"../../../gd1summer3/Content/Blueprints/hoverTextBlueprint.uasset" 48
"../../../gd1summer3/Content/Blueprints/parachuteLandingZone_Blueprint.uasset" 49
"../../../gd1summer3/Content/meshes/fire_poker.uasset" 50
"../../../gd1summer3/Content/Blueprints/TestPoint.uasset" 51
"../../../gd1summer3/Content/DetectiveAssets/DetectiveGuyFixed_Skeleton.uasset" 52
"../../../gd1summer3/Content/DetectiveAssets/deploy_Anim.uasset" 53
"../../../gd1summer3/Content/DetectiveAssets/DetectiveGuyForRealsies_lambert1_BaseColor.uasset" 54
"../../../gd1summer3/Content/DetectiveAssets/DetectiveGuyForRealsies_lambert1_Normal.uasset" 55
"../../../gd1summer3/Content/DetectiveAssets/DetectiveGuyForRealsies_lambert1_OcclusionRoughnessMetallic.uasset" 56
"../../../gd1summer3/Content/DetectiveAssets/detectiveMat.uasset" 57
"../../../gd1summer3/Content/DetectiveAssets/FallingAnimation.uasset" 58
"../../../gd1summer3/Content/DetectiveAssets/IdleAnimation.uasset" 59
"../../../gd1summer3/Content/DetectiveAssets/IdleAnimation2.uasset" 60
"../../../gd1summer3/Content/DetectiveAssets/IdleAnimation5.uasset" 61
"../../../gd1summer3/Content/DetectiveAssets/WalkCycle.uasset" 62
"../../../gd1summer3/Content/DetectiveAssets/NewBlendSpace1D.uasset" 63
"../../../gd1summer3/Content/DetectiveAssets/UmbrellaIdle2.uasset" 64
"../../../gd1summer3/Content/DetectiveAssets/Umbrella.uasset" 65
"../../../gd1summer3/Content/DetectiveAssets/Umbrella_Blueprint.uasset" 66
"../../../gd1summer3/Content/DetectiveAssets/Umbrella_lambert1_BaseColor.uasset" 67
"../../../gd1summer3/Content/DetectiveAssets/Umbrella_lambert1_Normal.uasset" 68
"../../../gd1summer3/Content/DetectiveAssets/Umbrella_lambert1_OcclusionRoughnessMetallic.uasset" 69
"../../../gd1summer3/Content/floor_pieces/floor_broken_seperate_floor_bl.uasset" 70
"../../../gd1summer3/Content/floor_pieces/floor_broken_seperate_floor_bm.uasset" 71
"../../../gd1summer3/Content/floor_pieces/floor_broken_seperate_floor_br.uasset" 72
"../../../gd1summer3/Content/floor_pieces/floor_broken_seperate_floor_ml.uasset" 73
"../../../gd1summer3/Content/floor_pieces/floor_broken_seperate_floor_mm.uasset" 74
"../../../gd1summer3/Content/floor_pieces/floor_broken_seperate_floor_mr.uasset" 75
"../../../gd1summer3/Content/floor_pieces/floor_broken_seperate_floor_tl.uasset" 76
"../../../gd1summer3/Content/floor_pieces/floor_broken_seperate_floor_tm.uasset" 77
"../../../gd1summer3/Content/floor_pieces/floor_broken_seperate_floor_tr.uasset" 78
"../../../gd1summer3/Content/Mannequin/Character/Mesh/UE4_Mannequin_Skeleton.uasset" 79
"../../../gd1summer3/Content/Mannequin/Animations/ThirdPersonJump_End.uasset" 80
"../../../gd1summer3/Content/Mannequin/Animations/ThirdPerson_Jump.uasset" 81
"../../../gd1summer3/Content/Mannequin/Animations/ThirdPersonJump_Loop.uasset" 82
"../../../gd1summer3/Content/Mannequin/Animations/ThirdPersonJump_Start.uasset" 83
"../../../gd1summer3/Content/Mannequin/Animations/ThirdPersonIdle.uasset" 84
"../../../gd1summer3/Content/Mannequin/Animations/ThirdPersonRun.uasset" 85
"../../../gd1summer3/Content/Mannequin/Animations/ThirdPersonWalk.uasset" 86
"../../../gd1summer3/Content/Mannequin/Animations/ThirdPerson_IdleRun_2D.uasset" 87
"../../../gd1summer3/Content/Mannequin/Animations/ThirdPerson_AnimBP.uasset" 88
"../../../gd1summer3/Content/materials/maps/armchair_lambert1_Height.uasset" 89
"../../../gd1summer3/Content/materials/maps/baron_baron_Default1_Height.uasset" 90
"../../../gd1summer3/Content/materials/maps/barstool_lambert1_Height.uasset" 91
"../../../gd1summer3/Content/materials/maps/bloodstain_1_lambert1_Height.uasset" 92
"../../../gd1summer3/Content/materials/maps/chandelier_lambert1_Height.uasset" 93
"../../../gd1summer3/Content/materials/maps/chandelier_lambert1_Normal.uasset" 94
"../../../gd1summer3/Content/materials/maps/chandelier_lambert1_Roughness.uasset" 95
"../../../gd1summer3/Content/materials/maps/coat_rack_lambert1_Height.uasset" 96
"../../../gd1summer3/Content/materials/maps/cutting_board_lambert1_Height.uasset" 97
"../../../gd1summer3/Content/materials/maps/deer_head_lambert1_Height.uasset" 98
"../../../gd1summer3/Content/materials/maps/end_table_lambert1_Height.uasset" 99
"../../../gd1summer3/Content/materials/maps/fireplace_lambert1_Height.uasset" 100
"../../../gd1summer3/Content/materials/maps/fire_brush_lambert1_Height.uasset" 101
"../../../gd1summer3/Content/materials/maps/fire_poker_lambert1_Height.uasset" 102
"../../../gd1summer3/Content/materials/maps/fire_rack_lambert1_Height.uasset" 103
"../../../gd1summer3/Content/materials/maps/fire_shovel_lambert1_Height.uasset" 104
"../../../gd1summer3/Content/materials/maps/floor_broken_seperate_lambert1_Height.uasset" 105
"../../../gd1summer3/Content/materials/maps/hanging_coat_lambert1_Height.uasset" 106
"../../../gd1summer3/Content/materials/maps/hanging_scarf_lambert1_Height.uasset" 107
"../../../gd1summer3/Content/materials/maps/key_1_lambert1_Height.uasset" 108
"../../../gd1summer3/Content/materials/maps/kitchen_cabinet_3count_lambert1_Height.uasset" 109
"../../../gd1summer3/Content/materials/maps/kitchen_counter_1_lambert1_Height.uasset" 110
"../../../gd1summer3/Content/materials/maps/kitchen_counter_2_lambert1_Height.uasset" 111
"../../../gd1summer3/Content/materials/maps/kitchen_island_lambert1_Height.uasset" 112
"../../../gd1summer3/Content/materials/maps/kitchen_sink_lambert1_Height.uasset" 113
"../../../gd1summer3/Content/materials/maps/kitchen_wall_lambert1_Height.uasset" 114
"../../../gd1summer3/Content/materials/maps/lightbulb_lambert1_Metallic.uasset" 115
"../../../gd1summer3/Content/materials/maps/lightbulb_lambert1_Normal.uasset" 116
"../../../gd1summer3/Content/materials/maps/lightbulb_lambert1_Roughness.uasset" 117
"../../../gd1summer3/Content/materials/maps/mason_jar_lambert1_Height.uasset" 118
"../../../gd1summer3/Content/materials/maps/note2_lambert1_Height.uasset" 119
"../../../gd1summer3/Content/materials/maps/note_lambert1_Height.uasset" 120
"../../../gd1summer3/Content/materials/maps/onion_piece_lambert1_Height.uasset" 121
"../../../gd1summer3/Content/materials/maps/rug_cir_lambert1_Height.uasset" 122
"../../../gd1summer3/Content/materials/maps/rug_rect_lambert1_Height.uasset" 123
"../../../gd1summer3/Content/materials/maps/spice_rack_lambert1_Height.uasset" 124
"../../../gd1summer3/Content/materials/maps/spice_rack_lambert2_Height.uasset" 125
"../../../gd1summer3/Content/materials/maps/store_lambert1_Height.uasset" 126
"../../../gd1summer3/Content/materials/maps/table_placement_lambert1_Height.uasset" 127
"../../../gd1summer3/Content/materials/maps/toaster_lambert1_Height.uasset" 128
"../../../gd1summer3/Content/materials/maps/wall_lambert1_Height.uasset" 129
"../../../gd1summer3/Content/materials/maps/wall_light_lambert1_Height.uasset" 130
"../../../gd1summer3/Content/materials/maps/wall_light_lambert1_Normal.uasset" 131
"../../../Engine/Plugins/2D/Paper2D/Content/DefaultSpriteMaterial.uasset" 132
"../../../Engine/Plugins/2D/Paper2D/Content/TranslucentUnlitSpriteMaterial.uasset" 133
"../../../gd1summer3/Content/materials/sprite_stuff/book_back.uasset" 134
"../../../gd1summer3/Content/materials/sprite_stuff/book_back_Sprite_0.uasset" 135
"../../../gd1summer3/Content/materials/sprite_stuff/book_back_Sprite_1.uasset" 136
"../../../gd1summer3/Content/materials/sprite_stuff/book_back_Sprite_2.uasset" 137
"../../../gd1summer3/Content/materials/sprite_stuff/book_back_Sprite_3.uasset" 138
"../../../gd1summer3/Content/materials/sprite_stuff/book_back_Sprite_4.uasset" 139
"../../../gd1summer3/Content/materials/sprite_stuff/book_back_Sprite_5.uasset" 140
"../../../gd1summer3/Content/materials/sprite_stuff/book_back_anim.uasset" 141
"../../../gd1summer3/Content/materials/sprite_stuff/book_forward.uasset" 142
"../../../gd1summer3/Content/materials/sprite_stuff/book_forward_Sprite_0.uasset" 143
"../../../gd1summer3/Content/materials/sprite_stuff/book_forward_Sprite_1.uasset" 144
"../../../gd1summer3/Content/materials/sprite_stuff/book_forward_Sprite_2.uasset" 145
"../../../gd1summer3/Content/materials/sprite_stuff/book_forward_Sprite_3.uasset" 146
"../../../gd1summer3/Content/materials/sprite_stuff/book_forward_Sprite_4.uasset" 147
"../../../gd1summer3/Content/materials/sprite_stuff/book_forward_Sprite_5.uasset" 148
"../../../gd1summer3/Content/materials/sprite_stuff/book_forward_anim.uasset" 149
"../../../gd1summer3/Content/meshes/baron_PhysicsAsset.uasset" 150
"../../../gd1summer3/Content/meshes/StaticMesh1.uasset" 151
"../../../gd1summer3/Content/meshes/level_pieces/lambert1.uasset" 152
"../../../gd1summer3/Content/meshes/level_pieces/fridge1.uasset" 153
"../../../gd1summer3/Content/meshes/level_pieces/FbxScene_fridge.uasset" 154
"../../../gd1summer3/Content/ScoreManager/SaveScore.uasset" 155
"../../../gd1summer3/Content/ThirdPersonBP/Blueprints/ThirdPersonGameMode.uasset" 156
"../../../gd1summer3/Content/ThirdPersonBP/Maps/ThirdPersonExampleMap_BuiltData.uasset" 157
"../../../Engine/Content/Functions/Engine_MaterialFunctions01/Opacity/CameraDepthFade.uasset" 158
"../../../Engine/Content/EngineMaterials/T_Default_Material_Grid_M.uasset" 159
"../../../Engine/Content/EngineMaterials/T_Default_Material_Grid_N.uasset" 160
"../../../Engine/Content/EngineMaterials/DefaultMaterial.uasset" 161
"../../../Engine/Content/BasicShapes/Cone.uasset" 162
"../../../Engine/Content/BasicShapes/Cylinder.uasset" 163
"../../../Engine/Content/BasicShapes/Sphere.uasset" 164
"../../../Engine/Content/EditorLandscapeResources/DataLayer.uasset" 165
"../../../Engine/Content/EditorMaterials/GizmoMaterial.uasset" 166
"../../../Engine/Content/EditorMaterials/MAT_Groups_Toggle.uasset" 167
"../../../Engine/Content/EditorMaterials/MAT_Groups_Visibility.uasset" 168
"../../../Engine/Content/EditorMaterials/PreviewShadowIndicator.uasset" 169
"../../../Engine/Content/EditorMaterials/PreviewShadowIndicatorMaterial.uasset" 170
"../../../Engine/Content/EditorMaterials/MatineeGroups/MAT_ColorTrack.uasset" 171
"../../../Engine/Content/EditorMaterials/MatineeGroups/MAT_Groups_Anim.uasset" 172
"../../../Engine/Content/EditorMaterials/MatineeGroups/MAT_Groups_AudioMaster.uasset" 173
"../../../Engine/Content/EditorMaterials/MatineeGroups/MAT_Groups_Director.uasset" 174
"../../../Engine/Content/EditorMaterials/MatineeGroups/MAT_Groups_Event.uasset" 175
"../../../Engine/Content/EditorMaterials/MatineeGroups/MAT_Groups_Fade.uasset" 176
"../../../Engine/Content/EditorMaterials/MatineeGroups/MAT_Groups_Float.uasset" 177
"../../../Engine/Content/EditorMaterials/MatineeGroups/MAT_Groups_Move.uasset" 178
"../../../Engine/Content/EditorMaterials/MatineeGroups/MAT_Groups_Slomo.uasset" 179
"../../../Engine/Content/EditorMaterials/MatineeGroups/MAT_Groups_Sound.uasset" 180
"../../../Engine/Content/EditorMaterials/MatineeGroups/MAT_Groups_Vector.uasset" 181
"../../../Engine/Content/EditorMaterials/ParticleSystems/PSysThumbnail_NoImage.uasset" 182
"../../../Engine/Content/EditorMaterials/ParticleSystems/PSysThumbnail_OOD.uasset" 183
"../../../Engine/Content/EditorMaterials/Camera/CineMat.uasset" 184
"../../../Engine/Content/EditorMaterials/Camera/MI_CineMat_Rig.uasset" 185
"../../../Engine/Content/EditorMeshes/Camera/SM_CraneRig_Arm.uasset" 186
"../../../Engine/Content/EditorMeshes/Camera/SM_CraneRig_Base.uasset" 187
"../../../Engine/Content/EditorMeshes/Camera/SM_CraneRig_Body.uasset" 188
"../../../Engine/Content/EditorMeshes/Camera/SM_CraneRig_Mount.uasset" 189
"../../../Engine/Content/EditorMeshes/Camera/SM_RailRig_Mount.uasset" 190
"../../../Engine/Content/EditorMeshes/Camera/SM_RailRig_Track.uasset" 191
"../../../Engine/Content/EditorMeshes/ColorCalibrator/M_ChromeBall.uasset" 192
"../../../Engine/Content/EditorMeshes/ColorCalibrator/M_ClearCoat.uasset" 193
"../../../Engine/Content/EditorMeshes/ColorCalibrator/M_ClearCoatBlack.uasset" 194
"../../../Engine/Content/EditorMeshes/ColorCalibrator/Color_checker.uasset" 195
"../../../Engine/Content/EditorMeshes/ColorCalibrator/M_ColorGrid.uasset" 196
"../../../Engine/Content/EditorMeshes/ColorCalibrator/M_GreyBall.uasset" 197
"../../../Engine/Content/EditorMeshes/ColorCalibrator/SM_ColorCalibrator.uasset" 198
"../../../Engine/Content/EditorResources/BSPVertex.uasset" 199
"../../../Engine/Content/EditorResources/EmptyActor.uasset" 200
"../../../Engine/Content/EditorResources/S_Actor.uasset" 201
"../../../Engine/Content/EditorResources/S_Trigger.uasset" 202
"../../../Engine/Content/EditorResources/AudioIcons/S_AudioComponent_AutoActivate.uasset" 203
"../../../Engine/Content/EditorResources/LightIcons/S_LightError.uasset" 204
"../../../Engine/Content/EditorResources/SequenceRecorder/Countdown.uasset" 205
"../../../Engine/Content/EditorResources/SequenceRecorder/RecordingIndicator.uasset" 206
"../../../Engine/Content/EditorSounds/Notifications/CompileFailed.uasset" 207
"../../../Engine/Content/EditorSounds/Notifications/CompileFailed_Cue.uasset" 208
"../../../Engine/Content/EditorSounds/Notifications/CompileSuccess.uasset" 209
"../../../Engine/Content/EditorSounds/Notifications/CompileStart_Cue.uasset" 210
"../../../Engine/Content/EditorSounds/Notifications/CompileSuccess_Cue.uasset" 211
"../../../Engine/Content/EngineDamageTypes/DmgTypeBP_Environmental.uasset" 212
"../../../Engine/Content/EngineDebugMaterials/HeatmapGradient.uasset" 213
"../../../Engine/Content/EngineDebugMaterials/BoneWeightMaterial.uasset" 214
"../../../Engine/Content/EngineDebugMaterials/ClothMaterial.uasset" 215
"../../../Engine/Content/EngineDebugMaterials/ClothMaterial_WF.uasset" 216
"../../../Engine/Content/EngineDebugMaterials/DebugEditorMaterial.uasset" 217
"../../../Engine/Content/EngineDebugMaterials/DebugMeshMaterial.uasset" 218
"../../../Engine/Content/EngineDebugMaterials/GeomMaterial.uasset" 219
"../../../Engine/Content/EngineFonts/Faces/RobotoBold.uasset" 220
"../../../Engine/Content/EngineFonts/Faces/RobotoBoldItalic.uasset" 221
"../../../Engine/Content/EngineFonts/Faces/RobotoItalic.uasset" 222
"../../../Engine/Content/EngineFonts/Faces/RobotoLight.uasset" 223
"../../../Engine/Content/EngineFonts/Faces/RobotoRegular.uasset" 224
"../../../Engine/Content/EngineFonts/Roboto.uasset" 225
"../../../Engine/Content/EngineFonts/Faces/RobotoTiny.uasset" 226
"../../../Engine/Content/EngineFonts/RobotoTiny.uasset" 227
"../../../Engine/Content/EngineMaterials/DefaultBloomKernel.uasset" 228
"../../../Engine/Content/EngineMaterials/DefaultBokeh.uasset" 229
"../../../Engine/Content/EngineMaterials/DefaultDiffuse.uasset" 230
"../../../Engine/Content/EngineMaterials/DefaultDeferredDecalMaterial.uasset" 231
"../../../Engine/Content/EngineMaterials/DefaultLightFunctionMaterial.uasset" 232
"../../../Engine/Content/EngineMaterials/DefaultPhysicalMaterial.uasset" 233
"../../../Engine/Content/Functions/Engine_MaterialFunctions02/Utility/BreakOutFloat2Components.uasset" 234
"../../../Engine/Content/EngineMaterials/DefaultPostProcessMaterial.uasset" 235
"../../../Engine/Content/EngineFonts/RobotoDistanceField.uasset" 236
"../../../Engine/Content/EngineMaterials/DefaultTextMaterialOpaque.uasset" 237
"../../../Engine/Content/EngineMaterials/DefaultWhiteGrid.uasset" 238
"../../../Engine/Content/EngineMaterials/EditorBrushMaterial.uasset" 239
"../../../Engine/Content/EngineMaterials/Good64x64TilingNoiseHighFreq.uasset" 240
"../../../Engine/Content/EngineMaterials/MiniFont.uasset" 241
"../../../Engine/Content/EngineMaterials/InvalidLightmapSettings.uasset" 242
"../../../Engine/Content/EngineMaterials/M_InvalidLightmapSettings.uasset" 243
"../../../Engine/Content/Functions/Engine_MaterialFunctions02/WorldPositionOffset/CameraOffset.uasset" 244
"../../../Engine/Content/EngineMaterials/PhAT_JointLimitMaterial.uasset" 245
"../../../Engine/Content/EngineMaterials/PreintegratedSkinBRDF.uasset" 246
"../../../Engine/Content/EngineMaterials/RemoveSurfaceMaterial.uasset" 247
"../../../Engine/Content/EngineMaterials/WeightMapPlaceholderTexture.uasset" 248
"../../../Engine/Content/EngineResources/WhiteSquareTexture.uasset" 249
"../../../Engine/Content/EngineMaterials/Widget3DPassThrough.uasset" 250
"../../../Engine/Content/EngineMaterials/Widget3DPassThrough_Masked.uasset" 251
"../../../Engine/Content/EngineMaterials/Widget3DPassThrough_Opaque.uasset" 252
"../../../Engine/Content/EngineMaterials/Widget3DPassThrough_Masked_OneSided.uasset" 253
"../../../Engine/Content/EngineMaterials/Widget3DPassThrough_Opaque_OneSided.uasset" 254
"../../../Engine/Content/EngineMaterials/Widget3DPassThrough_Translucent.uasset" 255
"../../../Engine/Content/EngineMaterials/Widget3DPassThrough_Translucent_OneSided.uasset" 256
"../../../Engine/Content/EngineMeshes/Cube.uasset" 257
"../../../Engine/Content/EngineMeshes/Cylinder.uasset" 258
"../../../Engine/Content/EngineMeshes/Sphere.uasset" 259
"../../../Engine/Content/EngineResources/Black.uasset" 260
"../../../Engine/Content/EngineResources/DefaultTexture.uasset" 261
"../../../Engine/Content/EngineResources/DefaultTextureCube.uasset" 262
"../../../Engine/Content/EngineResources/GradientTexture0.uasset" 263
"../../../Engine/Content/EngineSounds/Master.uasset" 264
"../../../Engine/Content/Functions/Engine_MaterialFunctions01/Shading/ConvertFromDiffSpec.uasset" 265
"../../../Engine/Content/Functions/Engine_MaterialFunctions01/Shading/PowerToRoughness.uasset" 266
"../../../Engine/Content/Maps/Templates/Thumbnails/Default.uasset" 267
"../../../Engine/Content/Maps/Templates/Thumbnails/VR-Basic.uasset" 268
"../../../Engine/Content/MobileResources/T_MobileControls_texture.uasset" 269
"../../../Engine/Content/MobileResources/T_MobileMenu2.uasset" 270
"../../../Engine/Content/MobileResources/HUD/AnalogHat.uasset" 271
"../../../Engine/Content/MobileResources/HUD/VirtualJoystick_Background.uasset" 272
"../../../Engine/Content/MobileResources/HUD/VirtualJoystick_Thumb.uasset" 273
"../../../Engine/Content/MobileResources/HUD/DefaultVirtualJoysticks.uasset" 274
"../../../Engine/Content/MobileResources/HUD/LeftVirtualJoystickOnly.uasset" 275
"../../../Engine/Content/MobileResources/HUD/MobileHUDButton1_off.uasset" 276
"../../../Engine/Content/MobileResources/HUD/MobileHUDButton1_on.uasset" 277
"../../../Engine/Content/MobileResources/HUD/MobileHUDButton2_off.uasset" 278
"../../../Engine/Content/MobileResources/HUD/MobileHUDButton2_on.uasset" 279
"../../../Engine/Content/MobileResources/HUD/MobileHUDButton3.uasset" 280
"../../../Engine/Content/MobileResources/HUD/MobileHUDButtonFire.uasset" 281
"../../../Engine/Content/MobileResources/HUD/MobileHUDDirectionPad.uasset" 282
"../../../Engine/Content/MobileResources/HUD/MobileHUDDirectionPad2.uasset" 283
"../../../Engine/Content/MobileResources/HUD/MobileHUDDirectionPad3.uasset" 284
"../../../Engine/Content/MobileResources/HUD/MobileHUDDirectionStick.uasset" 285
"../../../Engine/Content/MobileResources/HUD/T_Castle_ThumbstickInner.uasset" 286
"../../../Engine/Content/MobileResources/HUD/T_Castle_ThumbstickOutter.uasset" 287
"../../../Engine/Content/Tutorial/ContentIntroCurve.uasset" 288
"../../../Engine/Content/Tutorial/Basics/TutorialAssets/icon_tab_Levels_40x.uasset" 289
"../../../Engine/Content/Tutorial/BlueprintTutorials/TutorialAssets/BlueprintInterface_64x.uasset" 290
"../../../Engine/Content/Tutorial/BlueprintTutorials/TutorialAssets/BlueprintMacroLibrary_64x.uasset" 291
"../../../Engine/Content/Tutorial/BlueprintTutorials/TutorialAssets/Blueprint_64x.uasset" 292
"../../../Engine/Content/Tutorial/BlueprintTutorials/TutorialAssets/Tutorial_BP_Interface.uasset" 293
"../../../Engine/Content/Tutorial/Foliage/TutorialAssets/Foliage.uasset" 294
"../../../Engine/Content/Tutorial/Landscape/TutorialAssets/Landscape.uasset" 295
"../../../Engine/Content/Tutorial/Paper2D/TutorialAssets/Paper2DFlipbook_TutorialIcon.uasset" 296
"../../../Engine/Content/Tutorial/Paper2D/TutorialAssets/Paper2DSprite_TutorialIcon.uasset" 297
"../../../Engine/Content/Tutorial/SubEditors/TutorialAssets/icon_Editor_Preferences_General_40x.uasset" 298
"../../../Engine/Content/Tutorial/SubEditors/TutorialAssets/icon_ShowSkeletalMeshes_40x.uasset" 299
"../../../Engine/Content/Tutorial/SubEditors/TutorialAssets/TutorialMaterial.uasset" 300
"../../../Engine/Content/Tutorial/SubEditors/TutorialAssets/T_SmokeSubUV_8X8.uasset" 301
"../../../Engine/Content/Tutorial/SubEditors/TutorialAssets/T_soft_smoke.uasset" 302
"../../../Engine/Content/Tutorial/SubEditors/TutorialAssets/M_smoke_subUV_blackbody.uasset" 303
"../../../Engine/Content/Tutorial/SubEditors/TutorialAssets/TutorialParticleSystem.uasset" 304
"../../../Engine/Content/VREditor/Devices/Generic/GenericHMDMaterial.uasset" 305
"../../../Engine/Content/VREditor/Devices/Generic/GenericHMD.uasset" 306
"../../../Engine/Content/VREditor/FloatingText/LineMaterial.uasset" 307
"../../../Engine/Content/VREditor/FloatingText/JointSphere.uasset" 308
"../../../Engine/Content/VREditor/FloatingText/LineSegmentCylinder.uasset" 309
"../../../Engine/Content/VREditor/Fonts/VRText_RobotoLarge.uasset" 310
"../../../Engine/Content/VREditor/Fonts/VRTextMaterial.uasset" 311
"../../../Engine/Content/VREditor/Fonts/TranslucentVRTextMaterial.uasset" 312
"../../../Engine/Content/EngineMaterials/WorldGridMaterial.uasset" 313
"../../../Engine/Content/VREditor/LaserPointer/CursorPointer.uasset" 314
"../../../Engine/Content/VREditor/LaserPointer/VR_LaserPower_01.uasset" 315
"../../../Engine/Content/VREditor/TransformGizmo/TransformGizmoMaterial.uasset" 316
"../../../Engine/Content/VREditor/LaserPointer/HoverMaterial.uasset" 317
"../../../Engine/Content/VREditor/TransformGizmo/TranslucentTransformGizmoMaterial.uasset" 318
"../../../Engine/Content/VREditor/LaserPointer/TranslucentHoverMaterial.uasset" 319
"../../../Engine/Content/VREditor/LaserPointer/HoverMesh.uasset" 320
"../../../Engine/Content/VREditor/LaserPointer/LaserPointerMaterial.uasset" 321
"../../../Engine/Content/VREditor/LaserPointer/LaserPointerMaterialInst.uasset" 322
"../../../Engine/Content/VREditor/LaserPointer/TranslucentLaserPointerMaterialInst.uasset" 323
"../../../Engine/Content/VREditor/LaserPointer/LaserPointerMesh.uasset" 324
"../../../Engine/Content/VREditor/LaserPointer/LaserPointerMesh_End.uasset" 325
"../../../Engine/Content/VREditor/LaserPointer/LaserPointerMesh_Start.uasset" 326
"../../../Engine/Content/Functions/Engine_MaterialFunctions02/Utility/BreakOutFloat3Components.uasset" 327
"../../../Engine/Content/Functions/Engine_MaterialFunctions02/Math/Transform3x3Matrix.uasset" 328
"../../../Engine/Content/Functions/Engine_MaterialFunctions02/SplitComponents.uasset" 329
"../../../Engine/Content/Functions/Engine_MaterialFunctions02/Utility/MakeFloat3.uasset" 330
"../../../Engine/Content/VREditor/SnapGrid/SnapGridMaterial.uasset" 331
"../../../Engine/Content/VREditor/SnapGrid/SnapGridPlaneMesh.uasset" 332
"../../../Engine/Content/VREditor/Sounds/VR_teleport.uasset" 333
"../../../Engine/Content/VREditor/Sounds/UI/Click_on_Button_Cue.uasset" 334
"../../../Engine/Content/VREditor/Sounds/UI/Dockable_Window_Close.uasset" 335
"../../../Engine/Content/VREditor/Sounds/UI/Dockable_Window_Drop.uasset" 336
"../../../Engine/Content/VREditor/Sounds/UI/Dockable_Window_Open.uasset" 337
"../../../Engine/Content/VREditor/Sounds/UI/Dockable_Window_Pick_Up.uasset" 338
"../../../Engine/Content/VREditor/Sounds/UI/Drop_Item_From_ContentBrowser.uasset" 339
"../../../Engine/Content/VREditor/Sounds/UI/Floating_UI_Open-001.uasset" 340
"../../../Engine/Content/VREditor/Sounds/UI/Gizmo_Handle_Clicked.uasset" 341
"../../../Engine/Content/VREditor/Sounds/UI/Object_PickUp.uasset" 342
"../../../Engine/Content/VREditor/Sounds/UI/Object_Snaps_To_Another_Actor.uasset" 343
"../../../Engine/Content/VREditor/Sounds/UI/Object_Snaps_To_Grid.uasset" 344
"../../../Engine/Content/VREditor/Sounds/UI/Radial_Menu_FadeOut.uasset" 345
"../../../Engine/Content/VREditor/Sounds/UI/Scaling_Down.uasset" 346
"../../../Engine/Content/VREditor/Sounds/UI/Scaling_Up.uasset" 347
"../../../Engine/Content/VREditor/Sounds/UI/Selection_Changes.uasset" 348
"../../../Engine/Content/VREditor/Sounds/UI/Teleport_Mode_Entered.uasset" 349
"../../../Engine/Content/VREditor/Teleport/TeleportDirectionMaterial.uasset" 350
"../../../Engine/Content/VREditor/Teleport/TeleportDirectionMaterial_Inst.uasset" 351
"../../../Engine/Content/VREditor/Teleport/TeleportDirectionMesh.uasset" 352
"../../../Engine/Content/VREditor/TransformGizmo/BoundingBoxCorner.uasset" 353
"../../../Engine/Content/VREditor/TransformGizmo/BoundingBoxEdge.uasset" 354
"../../../Engine/Content/VREditor/TransformGizmo/PlaneTranslationHandle.uasset" 355
"../../../Engine/Content/VREditor/TransformGizmo/RotationHandleFull.uasset" 356
"../../../Engine/Content/VREditor/TransformGizmo/RotationHandleIndicator.uasset" 357
"../../../Engine/Content/VREditor/TransformGizmo/RotationHandleQuarter.uasset" 358
"../../../Engine/Content/VREditor/TransformGizmo/Main.uasset" 359
"../../../Engine/Content/VREditor/TransformGizmo/Xray.uasset" 360
"../../../Engine/Content/VREditor/TransformGizmo/SM_Dialog_Close.uasset" 361
"../../../Engine/Content/VREditor/TransformGizmo/SM_Dialog_Move.uasset" 362
"../../../Engine/Content/VREditor/TransformGizmo/SM_Sequencer_Key.uasset" 363
"../../../Engine/Content/VREditor/TransformGizmo/SM_Sequencer_Node.uasset" 364
"../../../Engine/Content/VREditor/TransformGizmo/StartRotationHandleIndicator.uasset" 365
"../../../Engine/Content/VREditor/TransformGizmo/TranslucentTransformGizmoMaterial_Inst.uasset" 366
"../../../Engine/Content/VREditor/TransformGizmo/TransformGizmoFreeRotation.uasset" 367
"../../../Engine/Content/VREditor/TransformGizmo/TransformGizmoMaterial_Inst.uasset" 368
"../../../Engine/Content/VREditor/TransformGizmo/TranslateArrowHandle.uasset" 369
"../../../Engine/Content/VREditor/TransformGizmo/UniformScaleHandle.uasset" 370
"../../../Engine/Content/VREditor/UI/KeyDiskMaterial.uasset" 371
"../../../Engine/Content/VREditor/UI/DiscMaterial.uasset" 372
"../../../Engine/Content/VREditor/UI/SM_Radial_Disk.uasset" 373
"../../../Engine/Content/Functions/Engine_MaterialFunctions01/Gradient/RadialGradient.uasset" 374
"../../../Engine/Content/VREditor/WorldMovementGrid/SimpleGrid.uasset" 375
"../../../Engine/Content/VREditor/WorldMovementGrid/GridMaterial.uasset" 376
"../../../Engine/Content/Functions/Engine_MaterialFunctions01/Density/ExponentialDensity.uasset" 377
"../../../Engine/Content/VREditor/WorldMovementGrid/GridPostProcess.uasset" 378
"../../../Engine/Content/EditorLandscapeResources/FlattenHeightMat.uasset" 379
"../../../Engine/Content/VREditor/WorldMovementGrid/PlaneMesh.uasset" 380
"../../../Engine/Plugins/2D/Paper2D/Content/PlaceholderTextures/DummySpriteTexture.uasset" 381
"../../../Engine/Plugins/2D/Paper2D/Content/DummySprite.uasset" 382
"../../../Engine/Plugins/2D/Paper2D/Content/DefaultPaperTerrainMaterial.uasset" 383
"../../../Engine/Plugins/2D/Paper2D/Content/MaskedUnlitSpriteMaterial.uasset" 384
"../../../Engine/Plugins/2D/Paper2D/Content/OpaqueUnlitSpriteMaterial.uasset" 385
"../../../Engine/Plugins/Media/MediaCompositing/Content/DefaultMediaPlaneMaterial.uasset" 386
"../../../Engine/Content/Functions/Engine_MaterialFunctions02/Utility/MakeFloat4.uasset" 387
"../../../Engine/Plugins/Runtime/AppleARKit/Content/ARKitCameraMaterial.uasset" 388
"../../../Engine/Plugins/Runtime/Oculus/OculusVR/Content/Textures/GearVRController_AO.uasset" 389
"../../../Engine/Plugins/Runtime/Oculus/OculusVR/Content/Textures/GearVRController_Color.uasset" 390
"../../../Engine/Plugins/Runtime/Oculus/OculusVR/Content/Textures/GearVRController_Normal.uasset" 391
"../../../Engine/Plugins/Runtime/Oculus/OculusVR/Content/Materials/GearVRControllerMaterial.uasset" 392
"../../../Engine/Plugins/Runtime/Oculus/OculusVR/Content/Meshes/GearVrController.uasset" 393
"../../../Engine/Content/EngineSky/C_Sky_Cloud_Color.uasset" 394
"../../../Engine/Content/EngineSky/C_Sky_Horizon_Color.uasset" 395
"../../../Engine/Content/EngineSky/C_Sky_Zenith_Color.uasset" 396
"../../../Engine/Content/EngineSky/T_Sky_Blue.uasset" 397
"../../../Engine/Content/EngineSky/T_Sky_Clouds_M.uasset" 398
"../../../Engine/Content/EngineSky/T_Sky_Stars.uasset" 399
"../../../Engine/Content/EngineSky/M_Sky_Panning_Clouds2.uasset" 400
"../../../Engine/Content/EngineSky/SM_SkySphere.uasset" 401
"../../../Engine/Content/EngineSky/BP_Sky_Sphere.uasset" 402
"../../../gd1summer3/Content/Blueprints/hoverText.uasset" 403
"../../../gd1summer3/Content/materials/maps/key_1_lambert1_Metallic.uasset" 404
"../../../gd1summer3/Content/materials/maps/key_1_lambert1_Normal.uasset" 405
"../../../gd1summer3/Content/materials/maps/key_1_lambert1_Roughness.uasset" 406
"../../../gd1summer3/Content/materials/maps/key_sil.uasset" 407
"../../../gd1summer3/Content/materials/key_silver.uasset" 408
"../../../gd1summer3/Content/materials/maps/key_1_lambert1_BaseColor.uasset" 409
"../../../gd1summer3/Content/materials/key_bronze.uasset" 410
"../../../gd1summer3/Content/Geometry/Meshes/1M_Cube.uasset" 411
"../../../gd1summer3/Content/Geometry/Meshes/1M_Cube_Chamfer.uasset" 412
"../../../gd1summer3/Content/Geometry/Meshes/TemplateFloor.uasset" 413
"../../../gd1summer3/Content/ThirdPerson/Meshes/RampMaterial.uasset" 414
"../../../gd1summer3/Content/ThirdPerson/Meshes/Bump_StaticMesh.uasset" 415
"../../../gd1summer3/Content/ThirdPerson/Meshes/LeftArm_StaticMesh.uasset" 416
"../../../gd1summer3/Content/ThirdPerson/Meshes/Linear_Stair_StaticMesh.uasset" 417
"../../../gd1summer3/Content/ThirdPerson/Meshes/Ramp_StaticMesh.uasset" 418
"../../../gd1summer3/Content/ThirdPerson/Meshes/RightArm_StaticMesh.uasset" 419
"../../../gd1summer3/Content/Maps/AmyMap.umap" 420
"../../../gd1summer3/Content/Blueprints/parachuteStart_Blueprint.uasset" 421
"../../../gd1summer3/Content/Blueprints/teleportToSpawn_Blueprint.uasset" 422
"../../../gd1summer3/Content/Icosphere_044.uasset" 423
"../../../gd1summer3/Content/Blueprints/FbxScene_Cloud_1.uasset" 424
"../../../gd1summer3/Content/materials/cubeMat.uasset" 425
"../../../Engine/Content/BasicShapes/Cube.uasset" 426
"../../../gd1summer3/Content/meshes/level_pieces/wall_thick.uasset" 427
"../../../gd1summer3/Content/progressBar.uasset" 428
"../../../gd1summer3/Content/progressBarOutline.uasset" 429
"../../../gd1summer3/Content/userInterface.uasset" 430
"../../../gd1summer3/Content/levelPieceBP/Cube_Blueprint.uasset" 431
"../../../gd1summer3/Content/meshes/level_pieces/hole_corner.uasset" 432
"../../../gd1summer3/Content/levelPieceBP/hole_corner_Blueprint.uasset" 433
"../../../gd1summer3/Content/meshes/level_pieces/hole_senterSide.uasset" 434
"../../../gd1summer3/Content/levelPieceBP/hole_senterSide_Blueprint.uasset" 435
"../../../gd1summer3/Content/meshes/level_pieces/hoop.uasset" 436
"../../../gd1summer3/Content/levelPieceBP/hoop_Blueprint.uasset" 437
"../../../Engine/Content/BasicShapes/BasicShapeMaterial.uasset" 438
"../../../Engine/Content/BasicShapes/Plane.uasset" 439
"../../../gd1summer3/Content/Maps/Fan_level2.umap" 440
"../../../gd1summer3/Content/meshes/level_pieces/hole_center.uasset" 441
"../../../gd1summer3/Content/levelPieceBP/hole_center_Blueprint.uasset" 442
"../../../gd1summer3/Content/Maps/Fan_level3.umap" 443
"../../../gd1summer3/Content/materials/maps/fire_brush_lambert1_BaseColor.uasset" 444
"../../../gd1summer3/Content/materials/maps/fire_brush_lambert1_Metallic.uasset" 445
"../../../gd1summer3/Content/materials/maps/fire_brush_lambert1_Normal.uasset" 446
"../../../gd1summer3/Content/materials/maps/fire_brush_lambert1_Roughness.uasset" 447
"../../../gd1summer3/Content/materials/fire_brush.uasset" 448
"../../../gd1summer3/Content/materials/maps/bloodstain_1_lambert1_BaseColor.uasset" 449
"../../../gd1summer3/Content/materials/maps/bloodstain_1_lambert1_Metallic.uasset" 450
"../../../gd1summer3/Content/materials/maps/bloodstain_1_lambert1_Normal.uasset" 451
"../../../gd1summer3/Content/materials/maps/bloodstain_1_lambert1_Roughness.uasset" 452
"../../../gd1summer3/Content/materials/bloodstain_1.uasset" 453
"../../../gd1summer3/Content/meshes/bloodstain_1.uasset" 454
"../../../gd1summer3/Content/Blueprints/Bloodstain_BL.uasset" 455
"../../../gd1summer3/Content/materials/maps/floor_broken_seperate_lambert1_BaseColor.uasset" 456
"../../../gd1summer3/Content/materials/maps/floor_broken_seperate_lambert1_Metallic.uasset" 457
"../../../gd1summer3/Content/materials/maps/floor_broken_seperate_lambert1_Normal.uasset" 458
"../../../gd1summer3/Content/materials/maps/floor_broken_seperate_lambert1_Roughness.uasset" 459
"../../../gd1summer3/Content/materials/floor.uasset" 460
"../../../gd1summer3/Content/meshes/floor_pieces/floor_broken_seperate_floor_bl.uasset" 461
"../../../gd1summer3/Content/meshes/floor_pieces/floor_broken_seperate_floor_bm.uasset" 462
"../../../gd1summer3/Content/meshes/floor_pieces/floor_broken_seperate_floor_br.uasset" 463
"../../../gd1summer3/Content/meshes/floor_pieces/floor_broken_seperate_floor_ml.uasset" 464
"../../../gd1summer3/Content/meshes/floor_pieces/floor_broken_seperate_floor_mm.uasset" 465
"../../../gd1summer3/Content/meshes/floor_pieces/floor_broken_seperate_floor_mr.uasset" 466
"../../../gd1summer3/Content/meshes/floor_pieces/floor_broken_seperate_floor_tl.uasset" 467
"../../../gd1summer3/Content/meshes/floor_pieces/floor_broken_seperate_floor_tm.uasset" 468
"../../../gd1summer3/Content/meshes/floor_pieces/floor_broken_seperate_floor_tr.uasset" 469
"../../../gd1summer3/Content/Blueprints/Floors.uasset" 470
"../../../gd1summer3/Content/materials/maps/hanging_coat_lambert1_BaseColor.uasset" 471
"../../../gd1summer3/Content/materials/maps/hanging_coat_lambert1_Metallic.uasset" 472
"../../../gd1summer3/Content/materials/maps/hanging_coat_lambert1_Normal.uasset" 473
"../../../gd1summer3/Content/materials/maps/hanging_coat_lambert1_Roughness.uasset" 474
"../../../gd1summer3/Content/materials/coat.uasset" 475
"../../../gd1summer3/Content/materials/maps/coat_rack_lambert1_BaseColor.uasset" 476
"../../../gd1summer3/Content/materials/maps/coat_rack_lambert1_Metallic.uasset" 477
"../../../gd1summer3/Content/materials/maps/coat_rack_lambert1_Normal.uasset" 478
"../../../gd1summer3/Content/materials/maps/coat_rack_lambert1_Roughness.uasset" 479
"../../../gd1summer3/Content/materials/coat_rack.uasset" 480
"../../../gd1summer3/Content/materials/maps/note_lambert1_BaseColor.uasset" 481
"../../../gd1summer3/Content/materials/maps/note_lambert1_Metallic.uasset" 482
"../../../gd1summer3/Content/materials/maps/note_lambert1_Normal.uasset" 483
"../../../gd1summer3/Content/materials/maps/note_lambert1_Roughness.uasset" 484
"../../../gd1summer3/Content/materials/note.uasset" 485
"../../../gd1summer3/Content/materials/maps/hanging_scarf_lambert1_BaseColor.uasset" 486
"../../../gd1summer3/Content/materials/maps/hanging_scarf_lambert1_Metallic.uasset" 487
"../../../gd1summer3/Content/materials/maps/hanging_scarf_lambert1_Normal.uasset" 488
"../../../gd1summer3/Content/materials/maps/hanging_scarf_lambert1_Roughness.uasset" 489
"../../../gd1summer3/Content/materials/scarf.uasset" 490
"../../../gd1summer3/Content/materials/maps/back_door_note.uasset" 491
"../../../gd1summer3/Content/materials/back_door_note_mat.uasset" 492
"../../../gd1summer3/Content/materials/maps/car_key_note.uasset" 493
"../../../gd1summer3/Content/materials/car_note.uasset" 494
"../../../gd1summer3/Content/materials/maps/front_door_note.uasset" 495
"../../../gd1summer3/Content/materials/front_door_note_mat.uasset" 496
"../../../gd1summer3/Content/materials/maps/mailbox_note.uasset" 497
"../../../gd1summer3/Content/materials/mailbox_note_mat.uasset" 498
"../../../gd1summer3/Content/meshes/StaticMesh.uasset" 499
"../../../gd1summer3/Content/Blueprints/coat_rack_BL.uasset" 500
"../../../gd1summer3/Content/materials/maps/cutting_board_lambert1_BaseColor.uasset" 501
"../../../gd1summer3/Content/materials/maps/cutting_board_lambert1_Metallic.uasset" 502
"../../../gd1summer3/Content/materials/maps/cutting_board_lambert1_Normal.uasset" 503
"../../../gd1summer3/Content/materials/maps/cutting_board_lambert1_Roughness.uasset" 504
"../../../gd1summer3/Content/materials/cutting_board.uasset" 505
"../../../gd1summer3/Content/materials/glass.uasset" 506
"../../../gd1summer3/Content/materials/maps/island_light_lambert1_BaseColor.uasset" 507
"../../../gd1summer3/Content/materials/maps/island_light_lambert1_Height.uasset" 508
"../../../gd1summer3/Content/materials/maps/island_light_lambert1_Metallic.uasset" 509
"../../../gd1summer3/Content/materials/maps/island_light_lambert1_Normal.uasset" 510
"../../../gd1summer3/Content/materials/maps/island_light_lambert1_Roughness.uasset" 511
"../../../gd1summer3/Content/materials/island_light.uasset" 512
"../../../gd1summer3/Content/materials/maps/lightbulb_lambert1_BaseColor.uasset" 513
"../../../gd1summer3/Content/materials/maps/lightbulb_lambert1_Height.uasset" 514
"../../../gd1summer3/Content/materials/lightbulb_mat.uasset" 515
"../../../gd1summer3/Content/materials/maps/mason_jar_lambert1_BaseColor.uasset" 516
"../../../gd1summer3/Content/materials/maps/mason_jar_lambert1_Metallic.uasset" 517
"../../../gd1summer3/Content/materials/maps/mason_jar_lambert1_Normal.uasset" 518
"../../../gd1summer3/Content/materials/maps/mason_jar_lambert1_Roughness.uasset" 519
"../../../gd1summer3/Content/materials/mason_jar.uasset" 520
"../../../gd1summer3/Content/materials/maps/armchair_lambert1_BaseColor.uasset" 521
"../../../gd1summer3/Content/materials/maps/armchair_lambert1_Metallic.uasset" 522
"../../../gd1summer3/Content/materials/maps/armchair_lambert1_Normal.uasset" 523
"../../../gd1summer3/Content/materials/maps/armchair_lambert1_Roughness.uasset" 524
"../../../gd1summer3/Content/materials/armchair.uasset" 525
"../../../gd1summer3/Content/materials/maps/barstool_lambert1_BaseColor.uasset" 526
"../../../gd1summer3/Content/materials/maps/barstool_lambert1_Metallic.uasset" 527
"../../../gd1summer3/Content/materials/maps/barstool_lambert1_Normal.uasset" 528
"../../../gd1summer3/Content/materials/maps/barstool_lambert1_Roughness.uasset" 529
"../../../gd1summer3/Content/materials/barstool.uasset" 530
"../../../gd1summer3/Content/materials/maps/deer_head_lambert1_BaseColor.uasset" 531
"../../../gd1summer3/Content/materials/maps/deer_head_lambert1_Metallic.uasset" 532
"../../../gd1summer3/Content/materials/maps/deer_head_lambert1_Normal.uasset" 533
"../../../gd1summer3/Content/materials/maps/deer_head_lambert1_Roughness.uasset" 534
"../../../gd1summer3/Content/materials/deer_head.uasset" 535
"../../../gd1summer3/Content/materials/maps/end_table_lambert1_BaseColor.uasset" 536
"../../../gd1summer3/Content/materials/maps/end_table_lambert1_Metallic.uasset" 537
"../../../gd1summer3/Content/materials/maps/end_table_lambert1_Normal.uasset" 538
"../../../gd1summer3/Content/materials/maps/end_table_lambert1_Roughness.uasset" 539
"../../../gd1summer3/Content/materials/endtable.uasset" 540
"../../../gd1summer3/Content/materials/maps/fire_poker_lambert1_BaseColor.uasset" 541
"../../../gd1summer3/Content/materials/maps/fire_poker_lambert1_Metallic.uasset" 542
"../../../gd1summer3/Content/materials/maps/fire_poker_lambert1_Normal.uasset" 543
"../../../gd1summer3/Content/materials/maps/fire_poker_lambert1_Roughness.uasset" 544
"../../../gd1summer3/Content/materials/fire_poker.uasset" 545
"../../../gd1summer3/Content/materials/maps/fire_rack_lambert1_BaseColor.uasset" 546
"../../../gd1summer3/Content/materials/maps/fire_rack_lambert1_Metallic.uasset" 547
"../../../gd1summer3/Content/materials/maps/fire_rack_lambert1_Normal.uasset" 548
"../../../gd1summer3/Content/materials/maps/fire_rack_lambert1_Roughness.uasset" 549
"../../../gd1summer3/Content/materials/fire_rack.uasset" 550
"../../../gd1summer3/Content/materials/maps/fire_shovel_lambert1_BaseColor.uasset" 551
"../../../gd1summer3/Content/materials/maps/fire_shovel_lambert1_Metallic.uasset" 552
"../../../gd1summer3/Content/materials/maps/fire_shovel_lambert1_Normal.uasset" 553
"../../../gd1summer3/Content/materials/maps/fire_shovel_lambert1_Roughness.uasset" 554
"../../../gd1summer3/Content/materials/fire_shovel.uasset" 555
"../../../gd1summer3/Content/materials/maps/fireplace_lambert1_BaseColor.uasset" 556
"../../../gd1summer3/Content/materials/maps/fireplace_lambert1_Metallic.uasset" 557
"../../../gd1summer3/Content/materials/maps/fireplace_lambert1_Normal.uasset" 558
"../../../gd1summer3/Content/materials/maps/fireplace_lambert1_Roughness.uasset" 559
"../../../gd1summer3/Content/materials/fireplace.uasset" 560
"../../../gd1summer3/Content/materials/maps/kitchen_cabinet_3count_lambert1_BaseColor.uasset" 561
"../../../gd1summer3/Content/materials/maps/kitchen_cabinet_3count_lambert1_Metallic.uasset" 562
"../../../gd1summer3/Content/materials/maps/kitchen_cabinet_3count_lambert1_Normal.uasset" 563
"../../../gd1summer3/Content/materials/maps/kitchen_cabinet_3count_lambert1_Roughness.uasset" 564
"../../../gd1summer3/Content/materials/kitchen_cabinet.uasset" 565
"../../../gd1summer3/Content/materials/maps/kitchen_counter_1_lambert1_BaseColor.uasset" 566
"../../../gd1summer3/Content/materials/maps/kitchen_counter_1_lambert1_Metallic.uasset" 567
"../../../gd1summer3/Content/materials/maps/kitchen_counter_1_lambert1_Normal.uasset" 568
"../../../gd1summer3/Content/materials/maps/kitchen_counter_1_lambert1_Roughness.uasset" 569
"../../../gd1summer3/Content/materials/kitchen_counter_1.uasset" 570
"../../../gd1summer3/Content/materials/maps/kitchen_counter_2_lambert1_BaseColor.uasset" 571
"../../../gd1summer3/Content/materials/maps/kitchen_counter_2_lambert1_Metallic.uasset" 572
"../../../gd1summer3/Content/materials/maps/kitchen_counter_2_lambert1_Normal.uasset" 573
"../../../gd1summer3/Content/materials/maps/kitchen_counter_2_lambert1_Roughness.uasset" 574
"../../../gd1summer3/Content/materials/kitchen_counter_2.uasset" 575
"../../../gd1summer3/Content/materials/maps/kitchen_island_lambert1_BaseColor.uasset" 576
"../../../gd1summer3/Content/materials/maps/kitchen_island_lambert1_Metallic.uasset" 577
"../../../gd1summer3/Content/materials/maps/kitchen_island_lambert1_Normal.uasset" 578
"../../../gd1summer3/Content/materials/maps/kitchen_island_lambert1_Roughness.uasset" 579
"../../../gd1summer3/Content/materials/kitchen_island.uasset" 580
"../../../gd1summer3/Content/materials/maps/kitchen_sink_lambert1_BaseColor.uasset" 581
"../../../gd1summer3/Content/materials/maps/kitchen_sink_lambert1_Metallic.uasset" 582
"../../../gd1summer3/Content/materials/maps/kitchen_sink_lambert1_Normal.uasset" 583
"../../../gd1summer3/Content/materials/maps/kitchen_sink_lambert1_Roughness.uasset" 584
"../../../gd1summer3/Content/materials/kitchen_sink.uasset" 585
"../../../gd1summer3/Content/materials/maps/rug_cir_lambert1_BaseColor.uasset" 586
"../../../gd1summer3/Content/materials/maps/rug_cir_lambert1_Metallic.uasset" 587
"../../../gd1summer3/Content/materials/maps/rug_cir_lambert1_Normal.uasset" 588
"../../../gd1summer3/Content/materials/maps/rug_cir_lambert1_Roughness.uasset" 589
"../../../gd1summer3/Content/materials/rug_cir.uasset" 590
"../../../gd1summer3/Content/materials/maps/rug_rect_lambert1_BaseColor.uasset" 591
"../../../gd1summer3/Content/materials/maps/rug_rect_lambert1_Metallic.uasset" 592
"../../../gd1summer3/Content/materials/maps/rug_rect_lambert1_Normal.uasset" 593
"../../../gd1summer3/Content/materials/maps/rug_rect_lambert1_Roughness.uasset" 594
"../../../gd1summer3/Content/materials/rug_rect.uasset" 595
"../../../gd1summer3/Content/materials/maps/spice_rack_lambert1_BaseColor.uasset" 596
"../../../gd1summer3/Content/materials/maps/spice_rack_lambert1_Metallic.uasset" 597
"../../../gd1summer3/Content/materials/maps/spice_rack_lambert1_Normal.uasset" 598
"../../../gd1summer3/Content/materials/maps/spice_rack_lambert1_Roughness.uasset" 599
"../../../gd1summer3/Content/materials/spice_rack.uasset" 600
"../../../gd1summer3/Content/materials/maps/spice_rack_lambert2_BaseColor.uasset" 601
"../../../gd1summer3/Content/materials/maps/spice_rack_lambert2_Metallic.uasset" 602
"../../../gd1summer3/Content/materials/maps/spice_rack_lambert2_Normal.uasset" 603
"../../../gd1summer3/Content/materials/maps/spice_rack_lambert2_Roughness.uasset" 604
"../../../gd1summer3/Content/materials/spice_rack_container.uasset" 605
"../../../gd1summer3/Content/materials/maps/store_lambert1_BaseColor.uasset" 606
"../../../gd1summer3/Content/materials/maps/store_lambert1_Metallic.uasset" 607
"../../../gd1summer3/Content/materials/maps/store_lambert1_Normal.uasset" 608
"../../../gd1summer3/Content/materials/maps/store_lambert1_Roughness.uasset" 609
"../../../gd1summer3/Content/materials/stove.uasset" 610
"../../../gd1summer3/Content/materials/maps/table_placement_lambert1_BaseColor.uasset" 611
"../../../gd1summer3/Content/materials/maps/table_placement_lambert1_Metallic.uasset" 612
"../../../gd1summer3/Content/materials/maps/table_placement_lambert1_Normal.uasset" 613
"../../../gd1summer3/Content/materials/maps/table_placement_lambert1_Roughness.uasset" 614
"../../../gd1summer3/Content/materials/table_placement.uasset" 615
"../../../gd1summer3/Content/materials/maps/toaster_lambert1_BaseColor.uasset" 616
"../../../gd1summer3/Content/materials/maps/toaster_lambert1_Metallic.uasset" 617
"../../../gd1summer3/Content/materials/maps/toaster_lambert1_Normal.uasset" 618
"../../../gd1summer3/Content/materials/maps/toaster_lambert1_Roughness.uasset" 619
"../../../gd1summer3/Content/materials/toaster.uasset" 620
"../../../gd1summer3/Content/materials/maps/wall_lambert1_BaseColor.uasset" 621
"../../../gd1summer3/Content/materials/maps/wall_lambert1_Metallic.uasset" 622
"../../../gd1summer3/Content/materials/maps/wall_lambert1_Normal.uasset" 623
"../../../gd1summer3/Content/materials/maps/wall_lambert1_Roughness.uasset" 624
"../../../gd1summer3/Content/materials/wall.uasset" 625
"../../../gd1summer3/Content/materials/maps/welcome_mat_lambert1_BaseColor.uasset" 626
"../../../gd1summer3/Content/materials/maps/welcome_mat_lambert1_Metallic.uasset" 627
"../../../gd1summer3/Content/materials/maps/welcome_mat_lambert1_Normal.uasset" 628
"../../../gd1summer3/Content/materials/maps/welcome_mat_lambert1_Roughness.uasset" 629
"../../../gd1summer3/Content/materials/welcome_mat.uasset" 630
"../../../gd1summer3/Content/meshes/armchair.uasset" 631
"../../../gd1summer3/Content/meshes/barstool.uasset" 632
"../../../gd1summer3/Content/meshes/chair.uasset" 633
"../../../gd1summer3/Content/meshes/chandelier.uasset" 634
"../../../gd1summer3/Content/meshes/cutting_board.uasset" 635
"../../../gd1summer3/Content/meshes/deer_head.uasset" 636
"../../../gd1summer3/Content/meshes/end_table.uasset" 637
"../../../gd1summer3/Content/meshes/fire_brush.uasset" 638
"../../../gd1summer3/Content/meshes/fire_rack.uasset" 639
"../../../gd1summer3/Content/meshes/fire_shovel.uasset" 640
"../../../gd1summer3/Content/meshes/fireplace.uasset" 641
"../../../gd1summer3/Content/meshes/fridge.uasset" 642
"../../../gd1summer3/Content/meshes/island_light.uasset" 643
"../../../gd1summer3/Content/meshes/lambert2.uasset" 644
"../../../gd1summer3/Content/meshes/kitchen_cabinet_3count.uasset" 645
"../../../gd1summer3/Content/meshes/kitchen_counter_1.uasset" 646
"../../../gd1summer3/Content/meshes/kitchen_counter_2.uasset" 647
"../../../gd1summer3/Content/meshes/kitchen_island.uasset" 648
"../../../gd1summer3/Content/meshes/kitchen_sink.uasset" 649
"../../../gd1summer3/Content/meshes/level_pieces/wall_thin.uasset" 650
"../../../gd1summer3/Content/meshes/lightbulb.uasset" 651
"../../../gd1summer3/Content/meshes/mason_jar.uasset" 652
"../../../gd1summer3/Content/meshes/mason_jar_powder.uasset" 653
"../../../gd1summer3/Content/meshes/mason_jar_spheres.uasset" 654
"../../../gd1summer3/Content/meshes/rectangle_table.uasset" 655
"../../../gd1summer3/Content/meshes/rug_cir.uasset" 656
"../../../gd1summer3/Content/meshes/rug_rect.uasset" 657
"../../../gd1summer3/Content/meshes/spice_container.uasset" 658
"../../../gd1summer3/Content/meshes/spice_rack.uasset" 659
"../../../gd1summer3/Content/meshes/store.uasset" 660
"../../../gd1summer3/Content/meshes/table_placement.uasset" 661
"../../../gd1summer3/Content/meshes/toaster.uasset" 662
"../../../gd1summer3/Content/meshes/vial_of_poison.uasset" 663
"../../../gd1summer3/Content/meshes/welcome_mat.uasset" 664
"../../../gd1summer3/Content/Maps/Fan_map.umap" 665
"../../../Engine/Content/MapTemplates/SM_Template_Map_Floor.uasset" 666
"../../../gd1summer3/Content/meshes/clouds_low.uasset" 667
"../../../gd1summer3/Content/Maps/Gabelevel2.umap" 668
"../../../gd1summer3/Content/Blueprints/TriggerBox_Blueprint.uasset" 669
"../../../gd1summer3/Content/Maps/gabe_level.umap" 670
"../../../gd1summer3/Content/DetectiveGuyFixed_PhysicsAsset.uasset" 671
"../../../gd1summer3/Content/DetectiveGuyFixed.uasset" 672
"../../../gd1summer3/Content/meshes/coat_rack.uasset" 673
"../../../gd1summer3/Content/meshes/hanging_coat.uasset" 674
"../../../gd1summer3/Content/meshes/hanging_scarf.uasset" 675
"../../../gd1summer3/Content/meshes/key.uasset" 676
"../../../gd1summer3/Content/meshes/key_1.uasset" 677
"../../../gd1summer3/Content/meshes/key_2.uasset" 678
"../../../gd1summer3/Content/meshes/key_3.uasset" 679
"../../../gd1summer3/Content/meshes/note.uasset" 680
"../../../gd1summer3/Content/meshes/pot.uasset" 681
"../../../gd1summer3/Content/Maps/Gabe_map.umap" 682
"../../../gd1summer3/Content/LevelColliders/levelStart_BP.uasset" 683
"../../../gd1summer3/Content/Sounds/bensound-thejazzpiano.uasset" 684
"../../../gd1summer3/Content/Sounds/bensound-thejazzpiano_Cue.uasset" 685
"../../../gd1summer3/Content/Maps/Noah_level.umap" 686
"../../../gd1summer3/Content/Maps/Noah_level2.umap" 687
"../../../gd1summer3/Content/Blueprints/TriggerBox_Blueprint2.uasset" 688
"../../../gd1summer3/Content/LevelColliders/parachuteLandingZone_BP.uasset" 689
"../../../gd1summer3/Content/LevelColliders/parachuteStart_BP.uasset" 690
"../../../gd1summer3/Content/Blueprints/clouds_low_Blueprint.uasset" 691
"../../../gd1summer3/Content/DetectiveAssets/umbrellaHandle_Blueprint1.uasset" 692
"../../../gd1summer3/Content/materials/cloudMat.uasset" 693
"../../../gd1summer3/Content/Maps/simon_map.umap" 694
"../../../gd1summer3/Content/AmyMap_BuiltData.uasset" 695
"../../../gd1summer3/Content/AmyMap.umap" 696
"../../../gd1summer3/Content/teleportToSpawn_Blueprint.uasset" 697
"../../../gd1summer3/Content/FbxScene_Cloud_1.uasset" 698
"../../../gd1summer3/Content/Fan_level2.umap" 699
"../../../gd1summer3/Content/Fan_level3.umap" 700
"../../../gd1summer3/Content/Fan_map_BuiltData.uasset" 701
"../../../gd1summer3/Content/Fan_map.umap" 702
"../../../gd1summer3/Content/Gabelevel2_BuiltData.uasset" 703
"../../../gd1summer3/Content/Gabelevel2.umap" 704
"../../../gd1summer3/Content/clueArea.uasset" 705
"../../../gd1summer3/Content/meshes/baron_Skeleton.uasset" 706
"../../../gd1summer3/Content/meshes/baron_Anim.uasset" 707
"../../../gd1summer3/Content/meshes/baron_BP.uasset" 708
"../../../gd1summer3/Content/bodyBlankMat.uasset" 709
"../../../gd1summer3/Content/materials/blankBodyMat.uasset" 710
"../../../gd1summer3/Content/meshes/baron_physics.uasset" 711
"../../../gd1summer3/Content/meshes/baron.uasset" 712
"../../../gd1summer3/Content/body_Blueprint.uasset" 713
"../../../gd1summer3/Content/clouds_low_Blueprint.uasset" 714
"../../../gd1summer3/Content/materials/maps/note2_lambert1_BaseColor.uasset" 715
"../../../gd1summer3/Content/materials/maps/note2_lambert1_Metallic.uasset" 716
"../../../gd1summer3/Content/materials/maps/note2_lambert1_Normal.uasset" 717
"../../../gd1summer3/Content/materials/maps/note2_lambert1_Roughness.uasset" 718
"../../../gd1summer3/Content/materials/note_2.uasset" 719
"../../../gd1summer3/Content/fire_poker_Blueprint.uasset" 720
"../../../gd1summer3/Content/gabe_kitchen_BuiltData.uasset" 721
"../../../gd1summer3/Content/materials/maps/chair_UV.uasset" 722
"../../../gd1summer3/Content/materials/Chair_Mat.uasset" 723
"../../../gd1summer3/Content/materials/maps/vial_UV.uasset" 724
"../../../gd1summer3/Content/materials/PoisonVial_Mat.uasset" 725
"../../../gd1summer3/Content/materials/maps/squaretableUV.uasset" 726
"../../../gd1summer3/Content/materials/squaretable_Mat.uasset" 727
"../../../gd1summer3/Content/materials/maps/wall_light_lambert1_BaseColor.uasset" 728
"../../../gd1summer3/Content/materials/maps/wall_light_lambert1_Metallic.uasset" 729
"../../../gd1summer3/Content/materials/maps/wall_light_lambert1_Roughness.uasset" 730
"../../../gd1summer3/Content/materials/walllight.uasset" 731
"../../../gd1summer3/Content/materials/maps/kitchen_wall_lambert1_BaseColor.uasset" 732
"../../../gd1summer3/Content/materials/maps/kitchen_wall_lambert1_Metallic.uasset" 733
"../../../gd1summer3/Content/materials/maps/kitchen_wall_lambert1_Normal.uasset" 734
"../../../gd1summer3/Content/materials/maps/kitchen_wall_lambert1_Roughness.uasset" 735
"../../../gd1summer3/Content/materials/kitchen_wall.uasset" 736
"../../../gd1summer3/Content/materials/maps/onion_piece_lambert1_BaseColor.uasset" 737
"../../../gd1summer3/Content/materials/maps/onion_piece_lambert1_Metallic.uasset" 738
"../../../gd1summer3/Content/materials/maps/onion_piece_lambert1_Normal.uasset" 739
"../../../gd1summer3/Content/materials/maps/onion_piece_lambert1_Roughness.uasset" 740
"../../../gd1summer3/Content/materials/onion_piece.uasset" 741
"../../../gd1summer3/Content/meshes/onion_piece.uasset" 742
"../../../gd1summer3/Content/gabe_kitchen.umap" 743
"../../../gd1summer3/Content/TriggerBox_Blueprint.uasset" 744
"../../../gd1summer3/Content/gabe_level_BuiltData.uasset" 745
"../../../gd1summer3/Content/gabe_level.umap" 746
"../../../gd1summer3/Content/Blueprints/bloodstain_1_Blueprint.uasset" 747
"../../../gd1summer3/Content/Gabe_map_BuiltData.uasset" 748
"../../../gd1summer3/Content/materials/maps/baron_baron_Default1_BaseColor.uasset" 749
"../../../gd1summer3/Content/materials/maps/baron_baron_Default1_Metallic.uasset" 750
"../../../gd1summer3/Content/materials/maps/baron_baron_Default1_Normal.uasset" 751
"../../../gd1summer3/Content/materials/maps/baron_baron_Default1_Roughness.uasset" 752
"../../../gd1summer3/Content/materials/baron.uasset" 753
"../../../gd1summer3/Content/Gabe_map.umap" 754
"../../../gd1summer3/Content/parachuteLandingZone_Blueprint.uasset" 755
"../../../gd1summer3/Content/teleportToLevelBP_Blueprint3.uasset" 756
"../../../gd1summer3/Content/materials/umbrellaMat.uasset" 757
"../../../gd1summer3/Content/umbrellaHandle_Blueprint1.uasset" 758
"../../../gd1summer3/Content/lighting.umap" 759
"../../../gd1summer3/Content/lightingGabe_BuiltData.uasset" 760
"../../../gd1summer3/Content/lightingGabe.umap" 761
"../../../gd1summer3/Content/findingsManager_Blueprint.uasset" 762
"../../../gd1summer3/Content/note3_Blueprint.uasset" 763
"../../../gd1summer3/Content/spice_rack2_Blueprint.uasset" 764
"../../../gd1summer3/Content/table_placement2_Blueprint.uasset" 765
"../../../gd1summer3/Content/main_level_BuiltData.uasset" 766
"../../../gd1summer3/Content/materials/journal_1.uasset" 767
"../../../gd1summer3/Content/journal.uasset" 768
"../../../gd1summer3/Content/ScoreManager/HSManager.uasset" 769
"../../../gd1summer3/Content/Sounds/Midnight_3.uasset" 770
"../../../gd1summer3/Content/Sounds/Midnight_3_Cue.uasset" 771
"../../../gd1summer3/Content/main_level.umap" 772
"../../../gd1summer3/Content/Noah_level_BuiltData.uasset" 773
"../../../gd1summer3/Content/Noah_level.umap" 774
"../../../gd1summer3/Content/Noah_level2_BuiltData.uasset" 775
"../../../gd1summer3/Content/Noah_level2.umap" 776
"../../../gd1summer3/Content/Noah_lighting_BuiltData.uasset" 777
"../../../gd1summer3/Content/Noah_lighting.umap" 778
"../../../gd1summer3/Content/Noah_map_BuiltData.uasset" 779
"../../../gd1summer3/Content/materials/maps/fridgeUV.uasset" 780
"../../../gd1summer3/Content/materials/Fridge_Mat.uasset" 781
"../../../gd1summer3/Content/materials/maps/pot_UV.uasset" 782
"../../../gd1summer3/Content/materials/Pot_Mat.uasset" 783
"../../../Engine/Content/Functions/Engine_MaterialFunctions02/Utility/BlendAngleCorrectedNormals.uasset" 784
"../../../Engine/Content/Functions/MaterialLayerFunctions/MatLayerBlend_NormalBlend.uasset" 785
"../../../Engine/Content/Functions/MaterialLayerFunctions/MatLayerBlend_Simple.uasset" 786
"../../../gd1summer3/Content/Mannequin/Character/Materials/MaterialLayers/T_ML_Rubber_Blue_01_D.uasset" 787
"../../../gd1summer3/Content/Mannequin/Character/Materials/MaterialLayers/T_ML_Rubber_Blue_01_N.uasset" 788
"../../../gd1summer3/Content/Mannequin/Character/Materials/MaterialLayers/ML_GlossyBlack_Latex_UE4.uasset" 789
"../../../gd1summer3/Content/Mannequin/Character/Materials/MaterialLayers/ML_Plastic_Shiny_Beige.uasset" 790
"../../../gd1summer3/Content/Mannequin/Character/Textures/UE4_LOGO_CARD.uasset" 791
"../../../gd1summer3/Content/Mannequin/Character/Materials/MaterialLayers/ML_Plastic_Shiny_Beige_LOGO.uasset" 792
"../../../gd1summer3/Content/Mannequin/Character/Materials/MaterialLayers/T_ML_Aluminum01.uasset" 793
"../../../gd1summer3/Content/Mannequin/Character/Materials/MaterialLayers/T_ML_Aluminum01_N.uasset" 794
"../../../gd1summer3/Content/Mannequin/Character/Materials/MaterialLayers/ML_SoftMetal_UE4.uasset" 795
"../../../gd1summer3/Content/Mannequin/Character/Textures/UE4_Mannequin__normals.uasset" 796
"../../../gd1summer3/Content/Mannequin/Character/Textures/UE4_Mannequin_MAT_MASKA.uasset" 797
"../../../gd1summer3/Content/Mannequin/Character/Materials/M_UE4Man_Body.uasset" 798
"../../../gd1summer3/Content/Mannequin/Character/Textures/UE4Man_Logo_N.uasset" 799
"../../../gd1summer3/Content/Mannequin/Character/Materials/M_UE4Man_ChestLogo.uasset" 800
"../../../gd1summer3/Content/Mannequin/Character/Mesh/SK_Mannequin_PhysicsAsset.uasset" 801
"../../../gd1summer3/Content/Mannequin/Character/Mesh/SK_Mannequin.uasset" 802
"../../../gd1summer3/Content/meshes/bar_stool.uasset" 803
"../../../gd1summer3/Content/meshes/standing_lamp.uasset" 804
"../../../gd1summer3/Content/Sounds/Undercover_dance_floor.uasset" 805
"../../../gd1summer3/Content/Sounds/Undercover_dance_floor_Cue.uasset" 806
"../../../gd1summer3/Content/Noah_map.umap" 807
"../../../gd1summer3/Content/ScoreManager/LevelScores.uasset" 808
"../../../gd1summer3/Content/ScoreTest.umap" 809
"../../../gd1summer3/Content/simon_map.umap" 810
"../../../Engine/Content/Maps/Entry.umap" 811
